Using pre-set license
Built from '2020.3/staging' branch; Version is '2020.3.22f1 (e1a7f79fd887) revision 14788599'; Using compiler version '192528614'; Build Type 'Release'
OS: 'Windows 10 Home; OS build 19043.1348; Version 2009; 64bit' Language: 'en' Physical Memory: 65357 MB
BatchMode: 1, IsHumanControllingUs: 0, StartBugReporterOnCrash: 0, Is64bit: 1, IsPro: 0

COMMAND LINE ARGUMENTS:
C:\Users\jonac\Desktop\myCareer\Unity\2020.3.22f1\Editor\Unity.exe
-adb2
-batchMode
-noUpm
-name
AssetImportWorker0
-projectPath
C:/Users/jonac/Desktop/myCareer/Unity/ZigZag
-logFile
Logs/AssetImportWorker0.log
-srvPort
61816
Successfully changed project path to: C:/Users/jonac/Desktop/myCareer/Unity/ZigZag
C:/Users/jonac/Desktop/myCareer/Unity/ZigZag
Using Asset Import Pipeline V2.
Refreshing native plugins compatible for Editor in 29.07 ms, found 2 plugins.
Preloading 0 native plugins for Editor in 0.00 ms.
Initialize engine version: 2020.3.22f1 (e1a7f79fd887)
[Subsystems] Discovering subsystems at path C:/Users/jonac/Desktop/myCareer/Unity/2020.3.22f1/Editor/Data/Resources/UnitySubsystems
[Subsystems] Discovering subsystems at path C:/Users/jonac/Desktop/myCareer/Unity/ZigZag/Assets
GfxDevice: creating device client; threaded=0
Direct3D:
    Version:  Direct3D 11.0 [level 11.1]
    Renderer: NVIDIA GeForce RTX 3060 Laptop GPU (ID=0x2520)
    Vendor:   
    VRAM:     6023 MB
    Driver:   30.0.14.9649
Initialize mono
Mono path[0] = 'C:/Users/jonac/Desktop/myCareer/Unity/2020.3.22f1/Editor/Data/Managed'
Mono path[1] = 'C:/Users/jonac/Desktop/myCareer/Unity/2020.3.22f1/Editor/Data/MonoBleedingEdge/lib/mono/unityjit'
Mono config path = 'C:/Users/jonac/Desktop/myCareer/Unity/2020.3.22f1/Editor/Data/MonoBleedingEdge/etc'
Using monoOptions --debugger-agent=transport=dt_socket,embedding=1,server=y,suspend=n,address=127.0.0.1:56768
Begin MonoManager ReloadAssembly
Registering precompiled unity dll's ...
Register platform support module: C:/Users/jonac/Desktop/myCareer/Unity/2020.3.22f1/Editor/Data/PlaybackEngines/WebGLSupport/UnityEditor.WebGL.Extensions.dll
Register platform support module: C:/Users/jonac/Desktop/myCareer/Unity/2020.3.22f1/Editor/Data/PlaybackEngines/MacStandaloneSupport/UnityEditor.OSXStandalone.Extensions.dll
Register platform support module: C:/Users/jonac/Desktop/myCareer/Unity/2020.3.22f1/Editor/Data/PlaybackEngines/WindowsStandaloneSupport/UnityEditor.WindowsStandalone.Extensions.dll
Register platform support module: C:/Users/jonac/Desktop/myCareer/Unity/2020.3.22f1/Editor/Data/PlaybackEngines/LinuxStandaloneSupport/UnityEditor.LinuxStandalone.Extensions.dll
Register platform support module: C:/Users/jonac/Desktop/myCareer/Unity/2020.3.22f1/Editor/Data/PlaybackEngines/LuminSupport/UnityEditor.Lumin.Extensions.dll
Registered in 0.003403 seconds.
Native extension for Lumin target not found
Native extension for LinuxStandalone target not found
Native extension for WindowsStandalone target not found
Native extension for OSXStandalone target not found
Native extension for WebGL target not found
Refreshing native plugins compatible for Editor in 28.49 ms, found 2 plugins.
Preloading 0 native plugins for Editor in 0.00 ms.
Mono: successfully reloaded assembly
- Completed reload, in  1.911 seconds
Domain Reload Profiling:
	ReloadAssembly (1911ms)
		BeginReloadAssembly (51ms)
			ExecutionOrderSort (0ms)
			DisableScriptedObjects (0ms)
			BackupInstance (0ms)
			ReleaseScriptingObjects (0ms)
			CreateAndSetChildDomain (1ms)
		EndReloadAssembly (411ms)
			LoadAssemblies (50ms)
			RebuildTransferFunctionScriptingTraits (0ms)
			SetupTypeCache (146ms)
			ReleaseScriptCaches (0ms)
			RebuildScriptCaches (26ms)
			SetupLoadedEditorAssemblies (148ms)
				LogAssemblyErrors (0ms)
				InitializePlatformSupportModulesInManaged (7ms)
				SetLoadedEditorAssemblies (0ms)
				RefreshPlugins (29ms)
				BeforeProcessingInitializeOnLoad (14ms)
				ProcessInitializeOnLoadAttributes (72ms)
				ProcessInitializeOnLoadMethodAttributes (26ms)
				AfterProcessingInitializeOnLoad (0ms)
				EditorAssembliesLoaded (0ms)
			ExecutionOrderSort2 (0ms)
			AwakeInstancesAfterBackupRestoration (0ms)
Platform modules already initialized, skipping
Registering precompiled user dll's ...
Registered in 0.004209 seconds.
Begin MonoManager ReloadAssembly
Native extension for Lumin target not found
Native extension for LinuxStandalone target not found
Native extension for WindowsStandalone target not found
Native extension for OSXStandalone target not found
Native extension for WebGL target not found
Refreshing native plugins compatible for Editor in 0.30 ms, found 2 plugins.
Preloading 0 native plugins for Editor in 0.00 ms.
Mono: successfully reloaded assembly
- Completed reload, in  0.972 seconds
Domain Reload Profiling:
	ReloadAssembly (973ms)
		BeginReloadAssembly (139ms)
			ExecutionOrderSort (0ms)
			DisableScriptedObjects (4ms)
			BackupInstance (0ms)
			ReleaseScriptingObjects (0ms)
			CreateAndSetChildDomain (19ms)
		EndReloadAssembly (774ms)
			LoadAssemblies (83ms)
			RebuildTransferFunctionScriptingTraits (0ms)
			SetupTypeCache (273ms)
			ReleaseScriptCaches (0ms)
			RebuildScriptCaches (38ms)
			SetupLoadedEditorAssemblies (293ms)
				LogAssemblyErrors (0ms)
				InitializePlatformSupportModulesInManaged (10ms)
				SetLoadedEditorAssemblies (0ms)
				RefreshPlugins (0ms)
				BeforeProcessingInitializeOnLoad (74ms)
				ProcessInitializeOnLoadAttributes (192ms)
				ProcessInitializeOnLoadMethodAttributes (9ms)
				AfterProcessingInitializeOnLoad (8ms)
				EditorAssembliesLoaded (0ms)
			ExecutionOrderSort2 (0ms)
			AwakeInstancesAfterBackupRestoration (7ms)
Platform modules already initialized, skipping
========================================================================
Worker process is ready to serve import requests
Launched and connected shader compiler UnityShaderCompiler.exe after 0.04 seconds
Refreshing native plugins compatible for Editor in 0.33 ms, found 2 plugins.
Preloading 0 native plugins for Editor in 0.00 ms.
Unloading 1497 Unused Serialized files (Serialized files now loaded: 0)
System memory in use before: 67.4 MB.
System memory in use after: 67.5 MB.

Unloading 19 unused Assets to reduce memory usage. Loaded Objects now: 1929.
Total: 3.219300 ms (FindLiveObjects: 0.241600 ms CreateObjectMapping: 0.064000 ms MarkObjects: 2.854200 ms  DeleteObjects: 0.058400 ms)

AssetImportParameters requested are different than current active one (requested -> active):
  custom:framework-win-MediaFoundation: 216162199b28c13a410421893ffa2e32 -> 
  custom:video-decoder-ogg-theora: a1e56fd34408186e4bbccfd4996cb3dc -> 
  custom:container-muxer-webm: aa71ff27fc2769a1b78a27578f13a17b -> 
  custom:container-demuxer-webm: 4f35f7cbe854078d1ac9338744f61a02 -> 
  custom:container-demuxer-ogg: 62fdf1f143b41e24485cea50d1cbac27 -> 
  custom:video-encoder-webm-vp8: eb34c28f22e8b96e1ab97ce403110664 -> 
  custom:video-decoder-webm-vp8: 9c59270c3fd7afecdb556c50c9e8de78 -> 
  custom:audio-decoder-ogg-vorbis: bf7c407c2cedff20999df2af8eb42d56 -> 
  custom:audio-encoder-webm-vorbis: bf7c407c2cedff20999df2af8eb42d56 -> 
========================================================================
Received Import Request.
  path: Assets/Hand Painted Stone Texture
  artifactKey: Guid(eeeb048b50326a843bd8a2e39e7f3520) Importer(815301076,1909f56bfc062723c751e8b465ee728b)
Start importing Assets/Hand Painted Stone Texture using Guid(eeeb048b50326a843bd8a2e39e7f3520) Importer(815301076,1909f56bfc062723c751e8b465ee728b)  -> (artifact id: 'c0787b36aa1e670e379e0b17503c9723') in 0.005745 seconds 
  Import took 0.007850 seconds .

========================================================================
Received Import Request.
  Time since last request: 63.837446 seconds.
  path: Assets/Hand Painted Stone Texture/Material
  artifactKey: Guid(245a5e4b35b823842bf1dbfeb45fb118) Importer(815301076,1909f56bfc062723c751e8b465ee728b)
Start importing Assets/Hand Painted Stone Texture/Material using Guid(245a5e4b35b823842bf1dbfeb45fb118) Importer(815301076,1909f56bfc062723c751e8b465ee728b)  -> (artifact id: '6043c7674bd7bb0a0584a2b286b9da70') in 0.003486 seconds 
  Import took 0.006085 seconds .

========================================================================
Received Import Request.
  Time since last request: 2.686918 seconds.
  path: Assets/Hand Painted Stone Texture/Material/Stone_mobile.mat
  artifactKey: Guid(094c835627124fe4bbbaa762d2240cb1) Importer(815301076,1909f56bfc062723c751e8b465ee728b)
Start importing Assets/Hand Painted Stone Texture/Material/Stone_mobile.mat using Guid(094c835627124fe4bbbaa762d2240cb1) Importer(815301076,1909f56bfc062723c751e8b465ee728b)  -> (artifact id: 'dd697e53047eb868acee795b266c506a') in 0.202805 seconds 
  Import took 0.205041 seconds .

========================================================================
Received Import Request.
  Time since last request: 0.000295 seconds.
  path: Assets/Hand Painted Stone Texture/Material/Stone_normal.mat
  artifactKey: Guid(5f73475cf0cad364b9800b85c2a229fc) Importer(815301076,1909f56bfc062723c751e8b465ee728b)
Start importing Assets/Hand Painted Stone Texture/Material/Stone_normal.mat using Guid(5f73475cf0cad364b9800b85c2a229fc) Importer(815301076,1909f56bfc062723c751e8b465ee728b)  -> (artifact id: '2a43b1764229cad885f87f712d373ccd') in 0.250877 seconds 
  Import took 0.253707 seconds .

========================================================================
Received Import Request.
  Time since last request: 1.632300 seconds.
  path: Assets/Hand Painted Stone Texture/Texture/Stone_Base_Color.png
  artifactKey: Guid(48f4f66d4e15b924e845a15cc353d2db) Importer(815301076,1909f56bfc062723c751e8b465ee728b)
Start importing Assets/Hand Painted Stone Texture/Texture/Stone_Base_Color.png using Guid(48f4f66d4e15b924e845a15cc353d2db) Importer(815301076,1909f56bfc062723c751e8b465ee728b)  -> (artifact id: 'a7c765309de372846f0205087abcfc28') in 0.130620 seconds 
  Import took 0.133032 seconds .

========================================================================
Received Import Request.
  Time since last request: 168.741871 seconds.
  path: Assets/Hand Painted Stone Texture/Scene/Hand Painted Stone TextureSettings.lighting
  artifactKey: Guid(9b34bf2b17fc9e6419ed7e695046d595) Importer(815301076,1909f56bfc062723c751e8b465ee728b)
Start importing Assets/Hand Painted Stone Texture/Scene/Hand Painted Stone TextureSettings.lighting using Guid(9b34bf2b17fc9e6419ed7e695046d595) Importer(815301076,1909f56bfc062723c751e8b465ee728b) LightingSettings: switching bake backend from 1 to 0.
 -> (artifact id: '1c83ce786c01dda3f4033e7307946a34') in 0.004503 seconds 
  Import took 0.006783 seconds .

========================================================================
Received Import Request.
  Time since last request: 4.863715 seconds.
  path: Assets/Hand Painted Stone Texture/Scene
  artifactKey: Guid(c4ab84889a865d346b1a8735094f805e) Importer(815301076,1909f56bfc062723c751e8b465ee728b)
Start importing Assets/Hand Painted Stone Texture/Scene using Guid(c4ab84889a865d346b1a8735094f805e) Importer(815301076,1909f56bfc062723c751e8b465ee728b)  -> (artifact id: '201abb6027560531dd00ffd38d343074') in 0.002399 seconds 
  Import took 0.004484 seconds .

========================================================================
Received Import Request.
  Time since last request: 5.557957 seconds.
  path: Assets/Scenes
  artifactKey: Guid(a89bca0e9b5f8ed489e147c42256bbfd) Importer(815301076,1909f56bfc062723c751e8b465ee728b)
Start importing Assets/Scenes using Guid(a89bca0e9b5f8ed489e147c42256bbfd) Importer(815301076,1909f56bfc062723c751e8b465ee728b)  -> (artifact id: '003f0380184ddd9e46c5662fb4762684') in 0.002745 seconds 
  Import took 0.004967 seconds .

========================================================================
Received Import Request.
  Time since last request: 1.954328 seconds.
  path: Assets/Scenes/Main.unity
  artifactKey: Guid(a27fb064bd77c7e4fa3d5142962ddbb3) Importer(815301076,1909f56bfc062723c751e8b465ee728b)
Start importing Assets/Scenes/Main.unity using Guid(a27fb064bd77c7e4fa3d5142962ddbb3) Importer(815301076,1909f56bfc062723c751e8b465ee728b)  -> (artifact id: '7a3e05e64a8c1d08bc5891325bc96485') in 0.002847 seconds 
  Import took 0.033176 seconds .

========================================================================
Received Import Request.
  Time since last request: 25.946533 seconds.
  path: Assets/Scenes/MainScene.unity
  artifactKey: Guid(f83c5a8a4626df34890b2ec5129e91e7) Importer(815301076,1909f56bfc062723c751e8b465ee728b)
Start importing Assets/Scenes/MainScene.unity using Guid(f83c5a8a4626df34890b2ec5129e91e7) Importer(815301076,1909f56bfc062723c751e8b465ee728b)  -> (artifact id: 'e0a110ea88d30e1a2d010ecce58fad0c') in 0.002848 seconds 
  Import took 0.005149 seconds .

========================================================================
Received Import Request.
  Time since last request: 24.972894 seconds.
  path: Assets/Scenes/MainScene.unity
  artifactKey: Guid(f83c5a8a4626df34890b2ec5129e91e7) Importer(815301076,1909f56bfc062723c751e8b465ee728b)
Start importing Assets/Scenes/MainScene.unity using Guid(f83c5a8a4626df34890b2ec5129e91e7) Importer(815301076,1909f56bfc062723c751e8b465ee728b)  -> (artifact id: '57eca4d5070b5d3ba698da6e84a63ab5') in 0.002657 seconds 
  Import took 0.005011 seconds .

========================================================================
Received Import Request.
  Time since last request: 19.320318 seconds.
  path: Assets/Scenes/MainMain.unity
  artifactKey: Guid(f83c5a8a4626df34890b2ec5129e91e7) Importer(815301076,1909f56bfc062723c751e8b465ee728b)
Start importing Assets/Scenes/MainMain.unity using Guid(f83c5a8a4626df34890b2ec5129e91e7) Importer(815301076,1909f56bfc062723c751e8b465ee728b)  -> (artifact id: '949485c74c94bfdce786e6e20b15b5ab') in 0.002601 seconds 
  Import took 0.004765 seconds .

========================================================================
Received Import Request.
  Time since last request: 5.123128 seconds.
  path: Assets/Scenes/Main.unity
  artifactKey: Guid(f83c5a8a4626df34890b2ec5129e91e7) Importer(815301076,1909f56bfc062723c751e8b465ee728b)
Start importing Assets/Scenes/Main.unity using Guid(f83c5a8a4626df34890b2ec5129e91e7) Importer(815301076,1909f56bfc062723c751e8b465ee728b)  -> (artifact id: 'a85f82214f1ca167bf9aeaaa86d63cea') in 0.002152 seconds 
  Import took 0.004694 seconds .

========================================================================
Received Import Request.
  Time since last request: 18.414236 seconds.
  path: Assets/Hand Painted Stone Texture/Texture/Stone_Ambient_Occlusion.png
  artifactKey: Guid(2ea2b4b58caf5a442bd2bcf1d75e725d) Importer(815301076,1909f56bfc062723c751e8b465ee728b)
Start importing Assets/Hand Painted Stone Texture/Texture/Stone_Ambient_Occlusion.png using Guid(2ea2b4b58caf5a442bd2bcf1d75e725d) Importer(815301076,1909f56bfc062723c751e8b465ee728b)  -> (artifact id: '664d2bf9515fe1418e083467fd3753de') in 0.010125 seconds 
  Import took 0.012380 seconds .

========================================================================
Received Import Request.
  Time since last request: 0.000251 seconds.
  path: Assets/Hand Painted Stone Texture/Texture/Stone_Height.png
  artifactKey: Guid(3c7a004c57c50734dbb1e28a97b82e5c) Importer(815301076,1909f56bfc062723c751e8b465ee728b)
Start importing Assets/Hand Painted Stone Texture/Texture/Stone_Height.png using Guid(3c7a004c57c50734dbb1e28a97b82e5c) Importer(815301076,1909f56bfc062723c751e8b465ee728b)  -> (artifact id: '901a764ffb371f7d4a049a8c388f5915') in 0.010448 seconds 
  Import took 0.012380 seconds .

========================================================================
Received Import Request.
  Time since last request: 0.000273 seconds.
  path: Assets/Hand Painted Stone Texture/Texture/Stone_Normal.png
  artifactKey: Guid(fff10447baa86b44aa549f50f310265a) Importer(815301076,1909f56bfc062723c751e8b465ee728b)
Start importing Assets/Hand Painted Stone Texture/Texture/Stone_Normal.png using Guid(fff10447baa86b44aa549f50f310265a) Importer(815301076,1909f56bfc062723c751e8b465ee728b)  -> (artifact id: '96f8e3ad62ea5ab11c7c2544a61f2b33') in 0.015013 seconds 
  Import took 0.017153 seconds .

========================================================================
Received Import Request.
  Time since last request: 0.000245 seconds.
  path: Assets/Hand Painted Stone Texture/Texture/Stone_Roughness.png
  artifactKey: Guid(7bd79b1b559c13c4ea25e26930a8d68f) Importer(815301076,1909f56bfc062723c751e8b465ee728b)
Start importing Assets/Hand Painted Stone Texture/Texture/Stone_Roughness.png using Guid(7bd79b1b559c13c4ea25e26930a8d68f) Importer(815301076,1909f56bfc062723c751e8b465ee728b)  -> (artifact id: 'f1a165845997a11a2f34ea6213829402') in 0.012859 seconds 
  Import took 0.014897 seconds .

========================================================================
Received Import Request.
  Time since last request: 25.428096 seconds.
  path: Assets/Scenes/MainT.unity
  artifactKey: Guid(f83c5a8a4626df34890b2ec5129e91e7) Importer(815301076,1909f56bfc062723c751e8b465ee728b)
Start importing Assets/Scenes/MainT.unity using Guid(f83c5a8a4626df34890b2ec5129e91e7) Importer(815301076,1909f56bfc062723c751e8b465ee728b)  -> (artifact id: '8ad810603987040367e29b8fe7f6979a') in 0.002589 seconds 
  Import took 0.004772 seconds .

========================================================================
Received Prepare
Registering precompiled user dll's ...
Registered in 0.003640 seconds.
Begin MonoManager ReloadAssembly
Native extension for Lumin target not found
Native extension for LinuxStandalone target not found
Native extension for WindowsStandalone target not found
Native extension for OSXStandalone target not found
Native extension for WebGL target not found
Refreshing native plugins compatible for Editor in 0.30 ms, found 2 plugins.
Preloading 0 native plugins for Editor in 0.00 ms.
Mono: successfully reloaded assembly
- Completed reload, in  0.832 seconds
Domain Reload Profiling:
	ReloadAssembly (832ms)
		BeginReloadAssembly (103ms)
			ExecutionOrderSort (0ms)
			DisableScriptedObjects (3ms)
			BackupInstance (0ms)
			ReleaseScriptingObjects (0ms)
			CreateAndSetChildDomain (30ms)
		EndReloadAssembly (673ms)
			LoadAssemblies (73ms)
			RebuildTransferFunctionScriptingTraits (0ms)
			SetupTypeCache (240ms)
			ReleaseScriptCaches (1ms)
			RebuildScriptCaches (32ms)
			SetupLoadedEditorAssemblies (246ms)
				LogAssemblyErrors (0ms)
				InitializePlatformSupportModulesInManaged (8ms)
				SetLoadedEditorAssemblies (0ms)
				RefreshPlugins (0ms)
				BeforeProcessingInitializeOnLoad (63ms)
				ProcessInitializeOnLoadAttributes (160ms)
				ProcessInitializeOnLoadMethodAttributes (7ms)
				AfterProcessingInitializeOnLoad (7ms)
				EditorAssembliesLoaded (0ms)
			ExecutionOrderSort2 (0ms)
			AwakeInstancesAfterBackupRestoration (6ms)
Platform modules already initialized, skipping
Refreshing native plugins compatible for Editor in 0.31 ms, found 2 plugins.
Preloading 0 native plugins for Editor in 0.00 ms.
Unloading 1491 Unused Serialized files (Serialized files now loaded: 0)
System memory in use before: 71.3 MB.
System memory in use after: 71.4 MB.

Unloading 14 unused Assets to reduce memory usage. Loaded Objects now: 1977.
Total: 2.445300 ms (FindLiveObjects: 0.138200 ms CreateObjectMapping: 0.043200 ms MarkObjects: 2.210600 ms  DeleteObjects: 0.032500 ms)

AssetImportParameters requested are different than current active one (requested -> active):
  custom:framework-win-MediaFoundation: 216162199b28c13a410421893ffa2e32 -> 
  custom:video-decoder-ogg-theora: a1e56fd34408186e4bbccfd4996cb3dc -> 
  custom:container-muxer-webm: aa71ff27fc2769a1b78a27578f13a17b -> 
  custom:container-demuxer-webm: 4f35f7cbe854078d1ac9338744f61a02 -> 
  custom:container-demuxer-ogg: 62fdf1f143b41e24485cea50d1cbac27 -> 
  custom:video-encoder-webm-vp8: eb34c28f22e8b96e1ab97ce403110664 -> 
  custom:video-decoder-webm-vp8: 9c59270c3fd7afecdb556c50c9e8de78 -> 
  custom:audio-decoder-ogg-vorbis: bf7c407c2cedff20999df2af8eb42d56 -> 
  custom:audio-encoder-webm-vorbis: bf7c407c2cedff20999df2af8eb42d56 -> 
========================================================================
Received Import Request.
  Time since last request: 51.306023 seconds.
  path: Assets/Scenes/Scene2.unity
  artifactKey: Guid(3672d545a550edb4b95b81d8dea13c6c) Importer(815301076,1909f56bfc062723c751e8b465ee728b)
Start importing Assets/Scenes/Scene2.unity using Guid(3672d545a550edb4b95b81d8dea13c6c) Importer(815301076,1909f56bfc062723c751e8b465ee728b)  -> (artifact id: 'fa29f547f034d9145558be01ecab0d8d') in 0.011574 seconds 
  Import took 0.013845 seconds .

========================================================================
Received Import Request.
  Time since last request: 45.065394 seconds.
  path: Assets/Scenes/Scene2.unity
  artifactKey: Guid(3672d545a550edb4b95b81d8dea13c6c) Importer(815301076,1909f56bfc062723c751e8b465ee728b)
Start importing Assets/Scenes/Scene2.unity using Guid(3672d545a550edb4b95b81d8dea13c6c) Importer(815301076,1909f56bfc062723c751e8b465ee728b)  -> (artifact id: '1bea3cc9b8e39175c0bd7423c271d8b0') in 0.002671 seconds 
  Import took 0.005565 seconds .

========================================================================
Received Import Request.
  Time since last request: 18.548628 seconds.
  path: Assets/Scenes/Main.unity
  artifactKey: Guid(3672d545a550edb4b95b81d8dea13c6c) Importer(815301076,1909f56bfc062723c751e8b465ee728b)
Start importing Assets/Scenes/Main.unity using Guid(3672d545a550edb4b95b81d8dea13c6c) Importer(815301076,1909f56bfc062723c751e8b465ee728b)  -> (artifact id: '10c1266a9c54c4267349e89d471a3983') in 0.002370 seconds 
  Import took 0.005032 seconds .

========================================================================
Received Import Request.
  Time since last request: 20.047270 seconds.
  path: Assets/Scenes/Maina.unity
  artifactKey: Guid(3672d545a550edb4b95b81d8dea13c6c) Importer(815301076,1909f56bfc062723c751e8b465ee728b)
Start importing Assets/Scenes/Maina.unity using Guid(3672d545a550edb4b95b81d8dea13c6c) Importer(815301076,1909f56bfc062723c751e8b465ee728b)  -> (artifact id: 'a6c5700972700e14e72d7b59327d8aa7') in 0.002596 seconds 
  Import took 0.004691 seconds .

========================================================================
Received Import Request.
  Time since last request: 34.433085 seconds.
  path: Assets/Scenes/Mains.unity
  artifactKey: Guid(3672d545a550edb4b95b81d8dea13c6c) Importer(815301076,1909f56bfc062723c751e8b465ee728b)
Start importing Assets/Scenes/Mains.unity using Guid(3672d545a550edb4b95b81d8dea13c6c) Importer(815301076,1909f56bfc062723c751e8b465ee728b)  -> (artifact id: '57dce9289f72dc22d944141a70d8851e') in 0.002649 seconds 
  Import took 0.004808 seconds .

========================================================================
Received Import Request.
  Time since last request: 20.377693 seconds.
  path: Assets
  artifactKey: Guid(00000000000000001000000000000000) Importer(815301076,1909f56bfc062723c751e8b465ee728b)
Start importing Assets using Guid(00000000000000001000000000000000) Importer(815301076,1909f56bfc062723c751e8b465ee728b)  -> (artifact id: '42d402b061de3733987d63b9cc3b64de') in 0.002493 seconds 
  Import took 0.004632 seconds .

========================================================================
Received Import Request.
  Time since last request: 8.044120 seconds.
  path: Assets/Prefabs
  artifactKey: Guid(1e0f1f19647f49c418ee8006f8b915c8) Importer(815301076,1909f56bfc062723c751e8b465ee728b)
Start importing Assets/Prefabs using Guid(1e0f1f19647f49c418ee8006f8b915c8) Importer(815301076,1909f56bfc062723c751e8b465ee728b)  -> (artifact id: '123be16b8215ae707d5e05c11ece305e') in 0.002824 seconds 
  Import took 0.005029 seconds .

========================================================================
Received Import Request.
  Time since last request: 8.667879 seconds.
  path: Assets/Scenes/MainScene.unity
  artifactKey: Guid(3672d545a550edb4b95b81d8dea13c6c) Importer(815301076,1909f56bfc062723c751e8b465ee728b)
Start importing Assets/Scenes/MainScene.unity using Guid(3672d545a550edb4b95b81d8dea13c6c) Importer(815301076,1909f56bfc062723c751e8b465ee728b)  -> (artifact id: '5319c02656ee432b7e9fd50aa4ff6aea') in 0.002637 seconds 
  Import took 0.004887 seconds .

========================================================================
Received Import Request.
  Time since last request: 23.710144 seconds.
  path: Assets/Prefabs/RoadPiece.prefab
  artifactKey: Guid(6026aa80a314fae4ba28db040df54661) Importer(815301076,1909f56bfc062723c751e8b465ee728b)
Start importing Assets/Prefabs/RoadPiece.prefab using Guid(6026aa80a314fae4ba28db040df54661) Importer(815301076,1909f56bfc062723c751e8b465ee728b)  -> (artifact id: '0d86fc12dfe782e2bbfb30e96e89aba1') in 0.087346 seconds 
  Import took 0.089976 seconds .

========================================================================
Received Import Request.
  Time since last request: 2.025635 seconds.
  path: Assets/Prefabs/Directional Light.prefab
  artifactKey: Guid(fed8e535c466e264798b4543c4f54151) Importer(815301076,1909f56bfc062723c751e8b465ee728b)
Start importing Assets/Prefabs/Directional Light.prefab using Guid(fed8e535c466e264798b4543c4f54151) Importer(815301076,1909f56bfc062723c751e8b465ee728b)  -> (artifact id: '91d8d186ffcaaaf5746b2b6d1df2e79b') in 0.004077 seconds 
  Import took 0.006317 seconds .

========================================================================
Received Import Request.
  Time since last request: 2.677556 seconds.
  path: Assets/Prefabs/Main Camera.prefab
  artifactKey: Guid(6ec9e4a1aa4994946b374a3649248593) Importer(815301076,1909f56bfc062723c751e8b465ee728b)
Start importing Assets/Prefabs/Main Camera.prefab using Guid(6ec9e4a1aa4994946b374a3649248593) Importer(815301076,1909f56bfc062723c751e8b465ee728b)  -> (artifact id: '1550b3891281689268b2f51b80e364cb') in 0.006036 seconds 
  Import took 0.008167 seconds .

========================================================================
Received Import Request.
  Time since last request: 8.104676 seconds.
  path: Assets/Scenes/Mains.unity
  artifactKey: Guid(3672d545a550edb4b95b81d8dea13c6c) Importer(815301076,1909f56bfc062723c751e8b465ee728b)
Start importing Assets/Scenes/Mains.unity using Guid(3672d545a550edb4b95b81d8dea13c6c) Importer(815301076,1909f56bfc062723c751e8b465ee728b)  -> (artifact id: 'baa6be8ee3cf71184d210c7f9606a3d6') in 0.002490 seconds 
  Import took 0.004670 seconds .

========================================================================
Received Import Request.
  Time since last request: 15.337032 seconds.
  path: Assets/Scenes/Main.unity
  artifactKey: Guid(5d6a73e703a11374bb7728e624b19150) Importer(815301076,1909f56bfc062723c751e8b465ee728b)
Start importing Assets/Scenes/Main.unity using Guid(5d6a73e703a11374bb7728e624b19150) Importer(815301076,1909f56bfc062723c751e8b465ee728b)  -> (artifact id: '7af378a53fe44bc1bb22b645b197894b') in 0.002603 seconds 
  Import took 0.004891 seconds .

========================================================================
Received Import Request.
  Time since last request: 46.363412 seconds.
  path: Assets/Scenes/Main.unity
  artifactKey: Guid(5d6a73e703a11374bb7728e624b19150) Importer(815301076,1909f56bfc062723c751e8b465ee728b)
Start importing Assets/Scenes/Main.unity using Guid(5d6a73e703a11374bb7728e624b19150) Importer(815301076,1909f56bfc062723c751e8b465ee728b)  -> (artifact id: 'e9e519c0b54a1c7ccd9bb2eb4216e7ee') in 0.002320 seconds 
  Import took 0.004428 seconds .

========================================================================
Received Import Request.
  Time since last request: 113.322186 seconds.
  path: Assets/Scenes/Main.unity
  artifactKey: Guid(5d6a73e703a11374bb7728e624b19150) Importer(815301076,1909f56bfc062723c751e8b465ee728b)
Start importing Assets/Scenes/Main.unity using Guid(5d6a73e703a11374bb7728e624b19150) Importer(815301076,1909f56bfc062723c751e8b465ee728b)  -> (artifact id: 'fdf401fc29e323302bb4c0a168be2167') in 0.002695 seconds 
  Import took 0.005328 seconds .

AssetImportWorkerClient::OnTransportError - code=2 error=End of file
